#
# A fatal error has been detected by the Java Runtime Environment:
#
#  EXCEPTION_ACCESS_VIOLATION (0xc0000005) at pc=0x0000000008282eb3, pid=18444, tid=18720
#
# JRE version: Java(TM) SE Runtime Environment (9.0+11) (build 9.0.1+11)
# Java VM: Java HotSpot(TM) 64-Bit Server VM (9.0.1+11, mixed mode, tiered, compressed oops, g1 gc, windows-amd64)
# Problematic frame:
# V  [jvm.dll+0x2f2eb3]
#
# No core dump will be written. Minidumps are not enabled by default on client versions of Windows
#
# If you would like to submit a bug report, please visit:
#   http://bugreport.java.com/bugreport/crash.jsp
#

---------------  S U M M A R Y ------------

Command Line: -agentlib:jdwp=transport=dt_socket,suspend=y,address=localhost:56047 -ea -Dfile.encoding=Cp1252 org.testng.remote.RemoteTestNG -serport 56046 -protocol json -d C:\Users\nx35wg\eclipse-workspace\CHS_Project_POM\test-output C:\Users\nx35wg\AppData\Local\Temp\testng-eclipse-99078211\testng-customsuite.xml

Host: Intel(R) Core(TM) i7-4720HQ CPU @ 2.60GHz, 8 cores, 15G,  Windows 7 , 64 bit Build 7601 (6.1.7601.23864)
Time: Fri Dec 29 08:25:17 2017 GMT Standard Time elapsed time: 599 seconds (0d 0h 9m 59s)

---------------  T H R E A D  ---------------

Current thread (0x0000000028483000):  VMThread "VM Thread" [stack: 0x0000000007d20000,0x0000000007e20000] [id=18720]

Stack: [0x0000000007d20000,0x0000000007e20000],  sp=0x0000000007e1f2d0,  free space=1020k
Native frames: (J=compiled Java code, j=interpreted, Vv=VM code, C=native code)
V  [jvm.dll+0x2f2eb3]
V  [jvm.dll+0x2f68e9]
V  [jvm.dll+0x2f6ce2]
V  [jvm.dll+0x2f3165]
V  [jvm.dll+0x57845f]
V  [jvm.dll+0x57876c]
V  [jvm.dll+0x578613]
V  [jvm.dll+0x578e0c]
V  [jvm.dll+0x546f8a]
V  [jvm.dll+0x465261]
V  [jvm.dll+0x6a34eb]
V  [jvm.dll+0x6a1c85]
V  [jvm.dll+0x6a2461]
V  [jvm.dll+0x6a274c]
V  [jvm.dll+0x5864e0]
C  [msvcr120.dll+0x24f7f]
C  [msvcr120.dll+0x25126]
C  [kernel32.dll+0x159cd]
C  [ntdll.dll+0x2a561]


siginfo: EXCEPTION_ACCESS_VIOLATION (0xc0000005), reading address 0xffffffffffffffff


Register to memory mapping:

RIP=0x0000000008282eb3 jvm.dll
RAX=0x000000000262c1a0 is an unknown value
RBX=0x0000000007e1f510 is an unknown value
RCX=0x0000000007e1f580 is an unknown value
RDX=0xffffffffffff85af is an unknown value
RSP=0x0000000007e1f2d0 is an unknown value
RBP=0x0000000007e1f340 is an unknown value
RSI=0x000000000262c0f0 is an unknown value
RDI=0x00000000000000a4 is an unknown value
R8 =0x03fffffffffffe16 is an unknown value
R9 =0x000000000000002f is an unknown value
R10=0x00000000000000af is an unknown value
R11=0x00000007c010fab0 is pointing into metadata
R12=0x0000000000000000 is an unknown value
R13=0x0000000000000105 is an unknown value
R14=0x0000000000000000 is an unknown value
R15=0x0000000008282e90 jvm.dll


Registers:
RAX=0x000000000262c1a0, RBX=0x0000000007e1f510, RCX=0x0000000007e1f580, RDX=0xffffffffffff85af
RSP=0x0000000007e1f2d0, RBP=0x0000000007e1f340, RSI=0x000000000262c0f0, RDI=0x00000000000000a4
R8 =0x03fffffffffffe16, R9 =0x000000000000002f, R10=0x00000000000000af, R11=0x00000007c010fab0
R12=0x0000000000000000, R13=0x0000000000000105, R14=0x0000000000000000, R15=0x0000000008282e90
RIP=0x0000000008282eb3, EFLAGS=0x0000000000010a03

Top of Stack: (sp=0x0000000007e1f2d0)
0x0000000007e1f2d0:   0000000000000000 0000000008508988
0x0000000007e1f2e0:   000000010000003e 0000000000000000
0x0000000007e1f2f0:   0000000007e1f510 00000000082868e9
0x0000000007e1f300:   000000000000aa84 0000000007e1f510
0x0000000007e1f310:   00000000284c9880 0000000008091dfe
0x0000000007e1f320:   0000000000000000 000000000874cba9
0x0000000007e1f330:   0000000007e1f390 00000000082872d4
0x0000000007e1f340:   000000000262c4d8 0000000000000001
0x0000000007e1f350:   00000000000003d8 00000000000000a4
0x0000000007e1f360:   0000000000000105 0000000008286ce2
0x0000000007e1f370:   0000000007e1f510 0000000000000001
0x0000000007e1f380:   000000000262c0f0 000000000262c0f0
0x0000000007e1f390:   000000002bcd32e8 0000000028483000
0x0000000007e1f3a0:   0000010800000105 000000a400000109
0x0000000007e1f3b0:   0000010900000000 ffffffff000000a4
0x0000000007e1f3c0:   000000000262c4d8 0000000000000000 

Instructions: (pc=0x0000000008282eb3)
0x0000000008282e93:   83 ec 20 48 63 d2 48 8b d9 48 83 c1 70 0f b6 c2
0x0000000008282ea3:   4c 8b c2 24 3f 49 c1 e8 06 44 0f b6 c8 48 8b 01
0x0000000008282eb3:   4e 8b 04 c0 4d 0f a3 c8 72 0b 41 b0 01 e8 7b f6
0x0000000008282ec3:   df ff ff 43 6c 48 83 c4 20 5b c3 cc cc 48 83 ec 


VM_Operation (0x000000002994f5b0): GetOrSetLocal, mode: safepoint, requested by thread 0x0000000028782000


---------------  P R O C E S S  ---------------

Java Threads: ( => current thread )
  0x000000002abfe800 JavaThread "ForkJoinPool.commonPool-worker-9" daemon [_thread_blocked, id=5800, stack(0x000000002c5f0000,0x000000002c6f0000)]
  0x000000002abb3000 JavaThread "Exec Stream Pumper" daemon [_thread_in_native, id=13084, stack(0x0000000029b70000,0x0000000029c70000)]
  0x000000002abad000 JavaThread "Exec Stream Pumper" daemon [_thread_in_native, id=10248, stack(0x000000002c450000,0x000000002c550000)]
  0x000000002ac32000 JavaThread "Exec Default Executor" daemon [_thread_in_native, id=16740, stack(0x0000000029de0000,0x0000000029ee0000)]
  0x000000002a3d0000 JavaThread "ReaderThread" [_thread_in_native, id=13736, stack(0x000000002a020000,0x000000002a120000)]
  0x0000000028796000 JavaThread "Service Thread" daemon [_thread_blocked, id=19436, stack(0x0000000029f20000,0x000000002a020000)]
  0x000000002878a000 JavaThread "JDWP Command Reader" daemon [_thread_in_native, id=11100, stack(0x0000000029ce0000,0x0000000029de0000)]
  0x0000000028787800 JavaThread "JDWP Event Helper Thread" daemon [_thread_blocked, id=9728, stack(0x0000000029a70000,0x0000000029b70000)]
  0x0000000028782000 JavaThread "JDWP Transport Listener: dt_socket" daemon [_thread_blocked, id=11220, stack(0x0000000029850000,0x0000000029950000)]
  0x00000000285bd800 JavaThread "Common-Cleaner" daemon [_thread_blocked, id=10280, stack(0x0000000029300000,0x0000000029400000)]
  0x000000002851a800 JavaThread "Sweeper thread" daemon [_thread_blocked, id=14628, stack(0x0000000028860000,0x0000000028960000)]
  0x00000000284ed800 JavaThread "C1 CompilerThread3" daemon [_thread_blocked, id=17776, stack(0x00000000291c0000,0x00000000292c0000)]
  0x00000000284ed000 JavaThread "C2 CompilerThread2" daemon [_thread_blocked, id=17912, stack(0x0000000028fd0000,0x00000000290d0000)]
  0x00000000284ea000 JavaThread "C2 CompilerThread1" daemon [_thread_blocked, id=16464, stack(0x0000000028be0000,0x0000000028ce0000)]
  0x00000000284e2000 JavaThread "C2 CompilerThread0" daemon [_thread_blocked, id=18740, stack(0x0000000028ed0000,0x0000000028fd0000)]
  0x00000000284e1000 JavaThread "Attach Listener" daemon [_thread_blocked, id=18844, stack(0x0000000028cf0000,0x0000000028df0000)]
  0x00000000284de800 JavaThread "Signal Dispatcher" daemon [_thread_blocked, id=19604, stack(0x0000000007e90000,0x0000000007f90000)]
  0x00000000284dc000 JavaThread "Finalizer" daemon [_thread_blocked, id=1460, stack(0x0000000028a90000,0x0000000028b90000)]
  0x00000000284d3000 JavaThread "Reference Handler" daemon [_thread_blocked, id=8040, stack(0x0000000028990000,0x0000000028a90000)]
  0x000000000037f800 JavaThread "main" [_thread_blocked, id=17648, stack(0x0000000002160000,0x0000000002260000)]

Other Threads:
=>0x0000000028483000 VMThread "VM Thread" [stack: 0x0000000007d20000,0x0000000007e20000] [id=18720]
  0x00000000287a0800 WatcherThread [stack: 0x000000002a130000,0x000000002a230000] [id=18288]
  0x0000000000394800 GCTaskThread "GC Thread#0" [stack: 0x0000000002720000,0x0000000002820000] [id=6612]
  0x0000000000396000 GCTaskThread "GC Thread#1" [stack: 0x0000000002840000,0x0000000002940000] [id=16348]
  0x0000000000398800 GCTaskThread "GC Thread#2" [stack: 0x0000000002a70000,0x0000000002b70000] [id=8228]
  0x00000000003a9800 GCTaskThread "GC Thread#3" [stack: 0x0000000002bf0000,0x0000000002cf0000] [id=6968]
  0x00000000003ac800 GCTaskThread "GC Thread#4" [stack: 0x0000000002d40000,0x0000000002e40000] [id=19820]
  0x00000000003ad800 GCTaskThread "GC Thread#5" [stack: 0x0000000002950000,0x0000000002a50000] [id=5236]
  0x00000000003ae800 GCTaskThread "GC Thread#6" [stack: 0x0000000002e50000,0x0000000002f50000] [id=13588]
  0x00000000003b1800 GCTaskThread "GC Thread#7" [stack: 0x0000000003070000,0x0000000003170000] [id=16560]
  0x0000000002700000 ConcurrentGCThread "G1 Main Marker" [stack: 0x0000000006650000,0x0000000006750000] [id=18888]
  0x0000000002701800 ConcurrentGCThread "G1 Marker#0" [stack: 0x0000000006790000,0x0000000006890000] [id=11480]
  0x0000000002702800 ConcurrentGCThread "G1 Marker#1" [stack: 0x0000000006a70000,0x0000000006b70000] [id=10884]
  0x0000000002629800 ConcurrentGCThread "G1 Refine#0" [stack: 0x00000000040c0000,0x00000000041c0000] [id=13940]
  0x00000000003bf000 ConcurrentGCThread "G1 Refine#1" [stack: 0x00000000042d0000,0x00000000043d0000] [id=20184]
  0x00000000003bc000 ConcurrentGCThread "G1 Refine#2" [stack: 0x00000000041d0000,0x00000000042d0000] [id=18736]
  0x0000000002628800 ConcurrentGCThread "G1 Refine#3" [stack: 0x0000000003f90000,0x0000000004090000] [id=12592]
  0x00000000003b9800 ConcurrentGCThread "G1 Refine#4" [stack: 0x0000000003cf0000,0x0000000003df0000] [id=19056]
  0x00000000003b8000 ConcurrentGCThread "G1 Refine#5" [stack: 0x0000000003bd0000,0x0000000003cd0000] [id=11828]
  0x00000000003b6000 ConcurrentGCThread "G1 Refine#6" [stack: 0x0000000003900000,0x0000000003a00000] [id=16136]
  0x00000000003b3000 ConcurrentGCThread "G1 Refine#7" [stack: 0x0000000003aa0000,0x0000000003ba0000] [id=19708]
  0x000000000262a800 ConcurrentGCThread "G1 Young RemSet Sampling" [stack: 0x00000000044a0000,0x00000000045a0000] [id=12572]

Threads with active compile tasks:

VM state:at safepoint (normal execution)

VM Mutex/Monitor currently owned by a thread:  ([mutex/lock_event])
[0x000000000037b1e0] Threads_lock - owner thread: 0x0000000028483000

Heap address: 0x00000006c1400000, size: 4076 MB, Compressed Oops mode: Zero based, Oop shift amount: 3
Narrow klass base: 0x0000000000000000, Narrow klass shift: 3
Compressed class space size: 1073741824 Address: 0x00000007c0000000

Heap:
 garbage-first heap   total 262144K, used 20981K [0x00000006c1400000, 0x00000006c1500800, 0x00000007c0000000)
  region size 1024K, 13 young (13312K), 6 survivors (6144K)
 Metaspace       used 20670K, capacity 21560K, committed 21808K, reserved 1069056K
  class space    used 2472K, capacity 2688K, committed 2688K, reserved 1048576K
Heap Regions: E=young(eden), S=young(survivor), O=old, HS=humongous(starts), HC=humongous(continues), CS=collection set, F=free, A=archive, TS=gc time stamp, AC=allocation context, TAMS=top-at-mark-start (previous, next)
|   0|0x00000006c1400000, 0x00000006c1500000, 0x00000006c1500000|100%|HS|  |TS  0|AC  0|TAMS 0x00000006c1500000, 0x00000006c1500000|
|   1|0x00000006c1500000, 0x00000006c1600000, 0x00000006c1600000|100%|HC|  |TS  0|AC  0|TAMS 0x00000006c1600000, 0x00000006c1600000|
|   2|0x00000006c1600000, 0x00000006c1700000, 0x00000006c1700000|100%|HS|  |TS  0|AC  0|TAMS 0x00000006c1700000, 0x00000006c1700000|
|   3|0x00000006c1700000, 0x00000006c1800000, 0x00000006c1800000|100%| O|  |TS  0|AC  0|TAMS 0x00000006c1800000, 0x00000006c1800000|
|   4|0x00000006c1800000, 0x00000006c1900000, 0x00000006c1900000|100%| O|  |TS  0|AC  0|TAMS 0x00000006c1900000, 0x00000006c1900000|
|   5|0x00000006c1900000, 0x00000006c1900000, 0x00000006c1a00000|  0%| F|  |TS  0|AC  0|TAMS 0x00000006c1900000, 0x00000006c1900000|
|   6|0x00000006c1a00000, 0x00000006c1a00000, 0x00000006c1b00000|  0%| F|  |TS  0|AC  0|TAMS 0x00000006c1a00000, 0x00000006c1a00000|
|   7|0x00000006c1b00000, 0x00000006c1c00000, 0x00000006c1c00000|100%| O|  |TS  0|AC  0|TAMS 0x00000006c1c00000, 0x00000006c1c00000|
|   8|0x00000006c1c00000, 0x00000006c1d00000, 0x00000006c1d00000|100%| O|  |TS  0|AC  0|TAMS 0x00000006c1d00000, 0x00000006c1d00000|
|   9|0x00000006c1d00000, 0x00000006c1e00000, 0x00000006c1e00000|100%| O|  |TS  0|AC  0|TAMS 0x00000006c1e00000, 0x00000006c1e00000|
|  10|0x00000006c1e00000, 0x00000006c1f00000, 0x00000006c1f00000|100%| O|  |TS  0|AC  0|TAMS 0x00000006c1f00000, 0x00000006c1f00000|
|  11|0x00000006c1f00000, 0x00000006c1f00000, 0x00000006c2000000|  0%| F|  |TS  0|AC  0|TAMS 0x00000006c1f00000, 0x00000006c1f00000|
|  12|0x00000006c2000000, 0x00000006c2000000, 0x00000006c2100000|  0%| F|  |TS  0|AC  0|TAMS 0x00000006c2000000, 0x00000006c2000000|
|  13|0x00000006c2100000, 0x00000006c2100000, 0x00000006c2200000|  0%| F|  |TS  0|AC  0|TAMS 0x00000006c2100000, 0x00000006c2100000|
|  14|0x00000006c2200000, 0x00000006c2200000, 0x00000006c2300000|  0%| F|  |TS  0|AC  0|TAMS 0x00000006c2200000, 0x00000006c2200000|
|  15|0x00000006c2300000, 0x00000006c2300000, 0x00000006c2400000|  0%| F|  |TS  0|AC  0|TAMS 0x00000006c2300000, 0x00000006c2300000|
|  16|0x00000006c2400000, 0x00000006c2400000, 0x00000006c2500000|  0%| F|  |TS  0|AC  0|TAMS 0x00000006c2400000, 0x00000006c2400000|
|  17|0x00000006c2500000, 0x00000006c2500000, 0x00000006c2600000|  0%| F|  |TS  0|AC  0|TAMS 0x00000006c2500000, 0x00000006c2500000|
|  18|0x00000006c2600000, 0x00000006c2600000, 0x00000006c2700000|  0%| F|  |TS  0|AC  0|TAMS 0x00000006c2600000, 0x00000006c2600000|
|  19|0x00000006c2700000, 0x00000006c2700000, 0x00000006c2800000|  0%| F|  |TS  0|AC  0|TAMS 0x00000006c2700000, 0x00000006c2700000|
|  20|0x00000006c2800000, 0x00000006c2800000, 0x00000006c2900000|  0%| F|  |TS  0|AC  0|TAMS 0x00000006c2800000, 0x00000006c2800000|
|  21|0x00000006c2900000, 0x00000006c2900000, 0x00000006c2a00000|  0%| F|  |TS  0|AC  0|TAMS 0x00000006c2900000, 0x00000006c2900000|
|  22|0x00000006c2a00000, 0x00000006c2a00000, 0x00000006c2b00000|  0%| F|  |TS  0|AC  0|TAMS 0x00000006c2a00000, 0x00000006c2a00000|
|  23|0x00000006c2b00000, 0x00000006c2b00000, 0x00000006c2c00000|  0%| F|  |TS  0|AC  0|TAMS 0x00000006c2b00000, 0x00000006c2b00000|
|  24|0x00000006c2c00000, 0x00000006c2c00000, 0x00000006c2d00000|  0%| F|  |TS  0|AC  0|TAMS 0x00000006c2c00000, 0x00000006c2c00000|
|  25|0x00000006c2d00000, 0x00000006c2d00000, 0x00000006c2e00000|  0%| F|  |TS  0|AC  0|TAMS 0x00000006c2d00000, 0x00000006c2d00000|
|  26|0x00000006c2e00000, 0x00000006c2e00000, 0x00000006c2f00000|  0%| F|  |TS  0|AC  0|TAMS 0x00000006c2e00000, 0x00000006c2e00000|
|  27|0x00000006c2f00000, 0x00000006c2f00000, 0x00000006c3000000|  0%| F|  |TS  0|AC  0|TAMS 0x00000006c2f00000, 0x00000006c2f00000|
|  28|0x00000006c3000000, 0x00000006c3000000, 0x00000006c3100000|  0%| F|  |TS  0|AC  0|TAMS 0x00000006c3000000, 0x00000006c3000000|
|  29|0x00000006c3100000, 0x00000006c3100000, 0x00000006c3200000|  0%| F|  |TS  0|AC  0|TAMS 0x00000006c3100000, 0x00000006c3100000|
|  30|0x00000006c3200000, 0x00000006c3200000, 0x00000006c3300000|  0%| F|  |TS  0|AC  0|TAMS 0x00000006c3200000, 0x00000006c3200000|
|  31|0x00000006c3300000, 0x00000006c3300000, 0x00000006c3400000|  0%| F|  |TS  0|AC  0|TAMS 0x00000006c3300000, 0x00000006c3300000|
|  32|0x00000006c3400000, 0x00000006c3400000, 0x00000006c3500000|  0%| F|  |TS  0|AC  0|TAMS 0x00000006c3400000, 0x00000006c3400000|
|  33|0x00000006c3500000, 0x00000006c3500000, 0x00000006c3600000|  0%| F|  |TS  0|AC  0|TAMS 0x00000006c3500000, 0x00000006c3500000|
|  34|0x00000006c3600000, 0x00000006c3600000, 0x00000006c3700000|  0%| F|  |TS  0|AC  0|TAMS 0x00000006c3600000, 0x00000006c3600000|
|  35|0x00000006c3700000, 0x00000006c3700000, 0x00000006c3800000|  0%| F|  |TS  0|AC  0|TAMS 0x00000006c3700000, 0x00000006c3700000|
|  36|0x00000006c3800000, 0x00000006c3800000, 0x00000006c3900000|  0%| F|  |TS  0|AC  0|TAMS 0x00000006c3800000, 0x00000006c3800000|
|  37|0x00000006c3900000, 0x00000006c3900000, 0x00000006c3a00000|  0%| F|  |TS  0|AC  0|TAMS 0x00000006c3900000, 0x00000006c3900000|
|  38|0x00000006c3a00000, 0x00000006c3a00000, 0x00000006c3b00000|  0%| F|  |TS  0|AC  0|TAMS 0x00000006c3a00000, 0x00000006c3a00000|
|  39|0x00000006c3b00000, 0x00000006c3b00000, 0x00000006c3c00000|  0%| F|  |TS  0|AC  0|TAMS 0x00000006c3b00000, 0x00000006c3b00000|
|  40|0x00000006c3c00000, 0x00000006c3c00000, 0x00000006c3d00000|  0%| F|  |TS  0|AC  0|TAMS 0x00000006c3c00000, 0x00000006c3c00000|
|  41|0x00000006c3d00000, 0x00000006c3d00000, 0x00000006c3e00000|  0%| F|  |TS  0|AC  0|TAMS 0x00000006c3d00000, 0x00000006c3d00000|
|  42|0x00000006c3e00000, 0x00000006c3e00000, 0x00000006c3f00000|  0%| F|  |TS  0|AC  0|TAMS 0x00000006c3e00000, 0x00000006c3e00000|
|  43|0x00000006c3f00000, 0x00000006c3f00000, 0x00000006c4000000|  0%| F|  |TS  0|AC  0|TAMS 0x00000006c3f00000, 0x00000006c3f00000|
|  44|0x00000006c4000000, 0x00000006c4000000, 0x00000006c4100000|  0%| F|  |TS  0|AC  0|TAMS 0x00000006c4000000, 0x00000006c4000000|
|  45|0x00000006c4100000, 0x00000006c4100000, 0x00000006c4200000|  0%| F|  |TS  0|AC  0|TAMS 0x00000006c4100000, 0x00000006c4100000|
|  46|0x00000006c4200000, 0x00000006c4200000, 0x00000006c4300000|  0%| F|  |TS  0|AC  0|TAMS 0x00000006c4200000, 0x00000006c4200000|
|  47|0x00000006c4300000, 0x00000006c4300000, 0x00000006c4400000|  0%| F|  |TS  0|AC  0|TAMS 0x00000006c4300000, 0x00000006c4300000|
|  48|0x00000006c4400000, 0x00000006c4400000, 0x00000006c4500000|  0%| F|  |TS  0|AC  0|TAMS 0x00000006c4400000, 0x00000006c4400000|
|  49|0x00000006c4500000, 0x00000006c4500000, 0x00000006c4600000|  0%| F|  |TS  0|AC  0|TAMS 0x00000006c4500000, 0x00000006c4500000|
|  50|0x00000006c4600000, 0x00000006c4600000, 0x00000006c4700000|  0%| F|  |TS  0|AC  0|TAMS 0x00000006c4600000, 0x00000006c4600000|
|  51|0x00000006c4700000, 0x00000006c4700000, 0x00000006c4800000|  0%| F|  |TS  0|AC  0|TAMS 0x00000006c4700000, 0x00000006c4700000|
|  52|0x00000006c4800000, 0x00000006c4800000, 0x00000006c4900000|  0%| F|  |TS  0|AC  0|TAMS 0x00000006c4800000, 0x00000006c4800000|
|  53|0x00000006c4900000, 0x00000006c4900000, 0x00000006c4a00000|  0%| F|  |TS  0|AC  0|TAMS 0x00000006c4900000, 0x00000006c4900000|
|  54|0x00000006c4a00000, 0x00000006c4a00000, 0x00000006c4b00000|  0%| F|  |TS  0|AC  0|TAMS 0x00000006c4a00000, 0x00000006c4a00000|
|  55|0x00000006c4b00000, 0x00000006c4b00000, 0x00000006c4c00000|  0%| F|  |TS  0|AC  0|TAMS 0x00000006c4b00000, 0x00000006c4b00000|
|  56|0x00000006c4c00000, 0x00000006c4c00000, 0x00000006c4d00000|  0%| F|  |TS  0|AC  0|TAMS 0x00000006c4c00000, 0x00000006c4c00000|
|  57|0x00000006c4d00000, 0x00000006c4d00000, 0x00000006c4e00000|  0%| F|  |TS  0|AC  0|TAMS 0x00000006c4d00000, 0x00000006c4d00000|
|  58|0x00000006c4e00000, 0x00000006c4e00000, 0x00000006c4f00000|  0%| F|  |TS  0|AC  0|TAMS 0x00000006c4e00000, 0x00000006c4e00000|
|  59|0x00000006c4f00000, 0x00000006c4f00000, 0x00000006c5000000|  0%| F|  |TS  0|AC  0|TAMS 0x00000006c4f00000, 0x00000006c4f00000|
|  60|0x00000006c5000000, 0x00000006c5000000, 0x00000006c5100000|  0%| F|  |TS  0|AC  0|TAMS 0x00000006c5000000, 0x00000006c5000000|
|  61|0x00000006c5100000, 0x00000006c5100000, 0x00000006c5200000|  0%| F|  |TS  0|AC  0|TAMS 0x00000006c5100000, 0x00000006c5100000|
|  62|0x00000006c5200000, 0x00000006c5200000, 0x00000006c5300000|  0%| F|  |TS  0|AC  0|TAMS 0x00000006c5200000, 0x00000006c5200000|
|  63|0x00000006c5300000, 0x00000006c5300000, 0x00000006c5400000|  0%| F|  |TS  0|AC  0|TAMS 0x00000006c5300000, 0x00000006c5300000|
|  64|0x00000006c5400000, 0x00000006c5400000, 0x00000006c5500000|  0%| F|  |TS  0|AC  0|TAMS 0x00000006c5400000, 0x00000006c5400000|
|  65|0x00000006c5500000, 0x00000006c5500000, 0x00000006c5600000|  0%| F|  |TS  0|AC  0|TAMS 0x00000006c5500000, 0x00000006c5500000|
|  66|0x00000006c5600000, 0x00000006c5600000, 0x00000006c5700000|  0%| F|  |TS  0|AC  0|TAMS 0x00000006c5600000, 0x00000006c5600000|
|  67|0x00000006c5700000, 0x00000006c5700000, 0x00000006c5800000|  0%| F|  |TS  0|AC  0|TAMS 0x00000006c5700000, 0x00000006c5700000|
|  68|0x00000006c5800000, 0x00000006c5800000, 0x00000006c5900000|  0%| F|  |TS  0|AC  0|TAMS 0x00000006c5800000, 0x00000006c5800000|
|  69|0x00000006c5900000, 0x00000006c5900000, 0x00000006c5a00000|  0%| F|  |TS  0|AC  0|TAMS 0x00000006c5900000, 0x00000006c5900000|
|  70|0x00000006c5a00000, 0x00000006c5a00000, 0x00000006c5b00000|  0%| F|  |TS  0|AC  0|TAMS 0x00000006c5a00000, 0x00000006c5a00000|
|  71|0x00000006c5b00000, 0x00000006c5b00000, 0x00000006c5c00000|  0%| F|  |TS  0|AC  0|TAMS 0x00000006c5b00000, 0x00000006c5b00000|
|  72|0x00000006c5c00000, 0x00000006c5c00000, 0x00000006c5d00000|  0%| F|  |TS  0|AC  0|TAMS 0x00000006c5c00000, 0x00000006c5c00000|
|  73|0x00000006c5d00000, 0x00000006c5d00000, 0x00000006c5e00000|  0%| F|  |TS  0|AC  0|TAMS 0x00000006c5d00000, 0x00000006c5d00000|
|  74|0x00000006c5e00000, 0x00000006c5e00000, 0x00000006c5f00000|  0%| F|  |TS  0|AC  0|TAMS 0x00000006c5e00000, 0x00000006c5e00000|
|  75|0x00000006c5f00000, 0x00000006c5f00000, 0x00000006c6000000|  0%| F|  |TS  0|AC  0|TAMS 0x00000006c5f00000, 0x00000006c5f00000|
|  76|0x00000006c6000000, 0x00000006c6000000, 0x00000006c6100000|  0%| F|  |TS  0|AC  0|TAMS 0x00000006c6000000, 0x00000006c6000000|
|  77|0x00000006c6100000, 0x00000006c6100000, 0x00000006c6200000|  0%| F|  |TS  0|AC  0|TAMS 0x00000006c6100000, 0x00000006c6100000|
|  78|0x00000006c6200000, 0x00000006c6200000, 0x00000006c6300000|  0%| F|  |TS  0|AC  0|TAMS 0x00000006c6200000, 0x00000006c6200000|
|  79|0x00000006c6300000, 0x00000006c6300000, 0x00000006c6400000|  0%| F|  |TS  0|AC  0|TAMS 0x00000006c6300000, 0x00000006c6300000|
|  80|0x00000006c6400000, 0x00000006c6400000, 0x00000006c6500000|  0%| F|  |TS  0|AC  0|TAMS 0x00000006c6400000, 0x00000006c6400000|
|  81|0x00000006c6500000, 0x00000006c6500000, 0x00000006c6600000|  0%| F|  |TS  0|AC  0|TAMS 0x00000006c6500000, 0x00000006c6500000|
|  82|0x00000006c6600000, 0x00000006c6600000, 0x00000006c6700000|  0%| F|  |TS  0|AC  0|TAMS 0x00000006c6600000, 0x00000006c6600000|
|  83|0x00000006c6700000, 0x00000006c6700000, 0x00000006c6800000|  0%| F|  |TS  0|AC  0|TAMS 0x00000006c6700000, 0x00000006c6700000|
|  84|0x00000006c6800000, 0x00000006c6800000, 0x00000006c6900000|  0%| F|  |TS  0|AC  0|TAMS 0x00000006c6800000, 0x00000006c6800000|
|  85|0x00000006c6900000, 0x00000006c6900000, 0x00000006c6a00000|  0%| F|  |TS  0|AC  0|TAMS 0x00000006c6900000, 0x00000006c6900000|
|  86|0x00000006c6a00000, 0x00000006c6a00000, 0x00000006c6b00000|  0%| F|  |TS  0|AC  0|TAMS 0x00000006c6a00000, 0x00000006c6a00000|
|  87|0x00000006c6b00000, 0x00000006c6b00000, 0x00000006c6c00000|  0%| F|  |TS  0|AC  0|TAMS 0x00000006c6b00000, 0x00000006c6b00000|
|  88|0x00000006c6c00000, 0x00000006c6c00000, 0x00000006c6d00000|  0%| F|  |TS  0|AC  0|TAMS 0x00000006c6c00000, 0x00000006c6c00000|
|  89|0x00000006c6d00000, 0x00000006c6d00000, 0x00000006c6e00000|  0%| F|  |TS  0|AC  0|TAMS 0x00000006c6d00000, 0x00000006c6d00000|
|  90|0x00000006c6e00000, 0x00000006c6e00000, 0x00000006c6f00000|  0%| F|  |TS  0|AC  0|TAMS 0x00000006c6e00000, 0x00000006c6e00000|
|  91|0x00000006c6f00000, 0x00000006c6f00000, 0x00000006c7000000|  0%| F|  |TS  0|AC  0|TAMS 0x00000006c6f00000, 0x00000006c6f00000|
|  92|0x00000006c7000000, 0x00000006c7000000, 0x00000006c7100000|  0%| F|  |TS  0|AC  0|TAMS 0x00000006c7000000, 0x00000006c7000000|
|  93|0x00000006c7100000, 0x00000006c7100000, 0x00000006c7200000|  0%| F|  |TS  0|AC  0|TAMS 0x00000006c7100000, 0x00000006c7100000|
|  94|0x00000006c7200000, 0x00000006c7200000, 0x00000006c7300000|  0%| F|  |TS  0|AC  0|TAMS 0x00000006c7200000, 0x00000006c7200000|
|  95|0x00000006c7300000, 0x00000006c7300000, 0x00000006c7400000|  0%| F|  |TS  0|AC  0|TAMS 0x00000006c7300000, 0x00000006c7300000|
|  96|0x00000006c7400000, 0x00000006c7400000, 0x00000006c7500000|  0%| F|  |TS  0|AC  0|TAMS 0x00000006c7400000, 0x00000006c7400000|
|  97|0x00000006c7500000, 0x00000006c7500000, 0x00000006c7600000|  0%| F|  |TS  0|AC  0|TAMS 0x00000006c7500000, 0x00000006c7500000|
|  98|0x00000006c7600000, 0x00000006c7600000, 0x00000006c7700000|  0%| F|  |TS  0|AC  0|TAMS 0x00000006c7600000, 0x00000006c7600000|
|  99|0x00000006c7700000, 0x00000006c7700000, 0x00000006c7800000|  0%| F|  |TS  0|AC  0|TAMS 0x00000006c7700000, 0x00000006c7700000|
| 100|0x00000006c7800000, 0x00000006c7800000, 0x00000006c7900000|  0%| F|  |TS  0|AC  0|TAMS 0x00000006c7800000, 0x00000006c7800000|
| 101|0x00000006c7900000, 0x00000006c7900000, 0x00000006c7a00000|  0%| F|  |TS  0|AC  0|TAMS 0x00000006c7900000, 0x00000006c7900000|
| 102|0x00000006c7a00000, 0x00000006c7a00000, 0x00000006c7b00000|  0%| F|  |TS  0|AC  0|TAMS 0x00000006c7a00000, 0x00000006c7a00000|
| 103|0x00000006c7b00000, 0x00000006c7b00000, 0x00000006c7c00000|  0%| F|  |TS  0|AC  0|TAMS 0x00000006c7b00000, 0x00000006c7b00000|
| 104|0x00000006c7c00000, 0x00000006c7c00000, 0x00000006c7d00000|  0%| F|  |TS  0|AC  0|TAMS 0x00000006c7c00000, 0x00000006c7c00000|
| 105|0x00000006c7d00000, 0x00000006c7d00000, 0x00000006c7e00000|  0%| F|  |TS  0|AC  0|TAMS 0x00000006c7d00000, 0x00000006c7d00000|
| 106|0x00000006c7e00000, 0x00000006c7e00000, 0x00000006c7f00000|  0%| F|  |TS  0|AC  0|TAMS 0x00000006c7e00000, 0x00000006c7e00000|
| 107|0x00000006c7f00000, 0x00000006c7f00000, 0x00000006c8000000|  0%| F|  |TS  0|AC  0|TAMS 0x00000006c7f00000, 0x00000006c7f00000|
| 108|0x00000006c8000000, 0x00000006c8000000, 0x00000006c8100000|  0%| F|  |TS  0|AC  0|TAMS 0x00000006c8000000, 0x00000006c8000000|
| 109|0x00000006c8100000, 0x00000006c8100000, 0x00000006c8200000|  0%| F|  |TS  0|AC  0|TAMS 0x00000006c8100000, 0x00000006c8100000|
| 110|0x00000006c8200000, 0x00000006c8200000, 0x00000006c8300000|  0%| F|  |TS  0|AC  0|TAMS 0x00000006c8200000, 0x00000006c8200000|
| 111|0x00000006c8300000, 0x00000006c8300000, 0x00000006c8400000|  0%| F|  |TS  0|AC  0|TAMS 0x00000006c8300000, 0x00000006c8300000|
| 112|0x00000006c8400000, 0x00000006c8400000, 0x00000006c8500000|  0%| F|  |TS  0|AC  0|TAMS 0x00000006c8400000, 0x00000006c8400000|
| 113|0x00000006c8500000, 0x00000006c8500000, 0x00000006c8600000|  0%| F|  |TS  0|AC  0|TAMS 0x00000006c8500000, 0x00000006c8500000|
| 114|0x00000006c8600000, 0x00000006c8600000, 0x00000006c8700000|  0%| F|  |TS  0|AC  0|TAMS 0x00000006c8600000, 0x00000006c8600000|
| 115|0x00000006c8700000, 0x00000006c8700000, 0x00000006c8800000|  0%| F|  |TS  0|AC  0|TAMS 0x00000006c8700000, 0x00000006c8700000|
| 116|0x00000006c8800000, 0x00000006c8800000, 0x00000006c8900000|  0%| F|  |TS  0|AC  0|TAMS 0x00000006c8800000, 0x00000006c8800000|
| 117|0x00000006c8900000, 0x00000006c8900000, 0x00000006c8a00000|  0%| F|  |TS  0|AC  0|TAMS 0x00000006c8900000, 0x00000006c8900000|
| 118|0x00000006c8a00000, 0x00000006c8a00000, 0x00000006c8b00000|  0%| F|  |TS  0|AC  0|TAMS 0x00000006c8a00000, 0x00000006c8a00000|
| 119|0x00000006c8b00000, 0x00000006c8b00000, 0x00000006c8c00000|  0%| F|  |TS  0|AC  0|TAMS 0x00000006c8b00000, 0x00000006c8b00000|
| 120|0x00000006c8c00000, 0x00000006c8c00000, 0x00000006c8d00000|  0%| F|  |TS  0|AC  0|TAMS 0x00000006c8c00000, 0x00000006c8c00000|
| 121|0x00000006c8d00000, 0x00000006c8d00000, 0x00000006c8e00000|  0%| F|  |TS  0|AC  0|TAMS 0x00000006c8d00000, 0x00000006c8d00000|
| 122|0x00000006c8e00000, 0x00000006c8e00000, 0x00000006c8f00000|  0%| F|  |TS  0|AC  0|TAMS 0x00000006c8e00000, 0x00000006c8e00000|
| 123|0x00000006c8f00000, 0x00000006c8f00000, 0x00000006c9000000|  0%| F|  |TS  0|AC  0|TAMS 0x00000006c8f00000, 0x00000006c8f00000|
| 124|0x00000006c9000000, 0x00000006c9000000, 0x00000006c9100000|  0%| F|  |TS  0|AC  0|TAMS 0x00000006c9000000, 0x00000006c9000000|
| 125|0x00000006c9100000, 0x00000006c9100000, 0x00000006c9200000|  0%| F|  |TS  0|AC  0|TAMS 0x00000006c9100000, 0x00000006c9100000|
| 126|0x00000006c9200000, 0x00000006c9200000, 0x00000006c9300000|  0%| F|  |TS  0|AC  0|TAMS 0x00000006c9200000, 0x00000006c9200000|
| 127|0x00000006c9300000, 0x00000006c9300000, 0x00000006c9400000|  0%| F|  |TS  0|AC  0|TAMS 0x00000006c9300000, 0x00000006c9300000|
| 128|0x00000006c9400000, 0x00000006c9400000, 0x00000006c9500000|  0%| F|  |TS  0|AC  0|TAMS 0x00000006c9400000, 0x00000006c9400000|
| 129|0x00000006c9500000, 0x00000006c9500000, 0x00000006c9600000|  0%| F|  |TS  0|AC  0|TAMS 0x00000006c9500000, 0x00000006c9500000|
| 130|0x00000006c9600000, 0x00000006c9600000, 0x00000006c9700000|  0%| F|  |TS  0|AC  0|TAMS 0x00000006c9600000, 0x00000006c9600000|
| 131|0x00000006c9700000, 0x00000006c9700000, 0x00000006c9800000|  0%| F|  |TS  0|AC  0|TAMS 0x00000006c9700000, 0x00000006c9700000|
| 132|0x00000006c9800000, 0x00000006c9800000, 0x00000006c9900000|  0%| F|  |TS  0|AC  0|TAMS 0x00000006c9800000, 0x00000006c9800000|
| 133|0x00000006c9900000, 0x00000006c9900000, 0x00000006c9a00000|  0%| F|  |TS  0|AC  0|TAMS 0x00000006c9900000, 0x00000006c9900000|
| 134|0x00000006c9a00000, 0x00000006c9a00000, 0x00000006c9b00000|  0%| F|  |TS  0|AC  0|TAMS 0x00000006c9a00000, 0x00000006c9a00000|
| 135|0x00000006c9b00000, 0x00000006c9b00000, 0x00000006c9c00000|  0%| F|  |TS  0|AC  0|TAMS 0x00000006c9b00000, 0x00000006c9b00000|
| 136|0x00000006c9c00000, 0x00000006c9c00000, 0x00000006c9d00000|  0%| F|  |TS  0|AC  0|TAMS 0x00000006c9c00000, 0x00000006c9c00000|
| 137|0x00000006c9d00000, 0x00000006c9d00000, 0x00000006c9e00000|  0%| F|  |TS  0|AC  0|TAMS 0x00000006c9d00000, 0x00000006c9d00000|
| 138|0x00000006c9e00000, 0x00000006c9e00000, 0x00000006c9f00000|  0%| F|  |TS  0|AC  0|TAMS 0x00000006c9e00000, 0x00000006c9e00000|
| 139|0x00000006c9f00000, 0x00000006c9f00000, 0x00000006ca000000|  0%| F|  |TS  0|AC  0|TAMS 0x00000006c9f00000, 0x00000006c9f00000|
| 140|0x00000006ca000000, 0x00000006ca000000, 0x00000006ca100000|  0%| F|  |TS  0|AC  0|TAMS 0x00000006ca000000, 0x00000006ca000000|
| 141|0x00000006ca100000, 0x00000006ca100000, 0x00000006ca200000|  0%| F|  |TS  0|AC  0|TAMS 0x00000006ca100000, 0x00000006ca100000|
| 142|0x00000006ca200000, 0x00000006ca200000, 0x00000006ca300000|  0%| F|  |TS  0|AC  0|TAMS 0x00000006ca200000, 0x00000006ca200000|
| 143|0x00000006ca300000, 0x00000006ca300000, 0x00000006ca400000|  0%| F|  |TS  0|AC  0|TAMS 0x00000006ca300000, 0x00000006ca300000|
| 144|0x00000006ca400000, 0x00000006ca400000, 0x00000006ca500000|  0%| F|  |TS  0|AC  0|TAMS 0x00000006ca400000, 0x00000006ca400000|
| 145|0x00000006ca500000, 0x00000006ca500000, 0x00000006ca600000|  0%| F|  |TS  0|AC  0|TAMS 0x00000006ca500000, 0x00000006ca500000|
| 146|0x00000006ca600000, 0x00000006ca600000, 0x00000006ca700000|  0%| F|  |TS  0|AC  0|TAMS 0x00000006ca600000, 0x00000006ca600000|
| 147|0x00000006ca700000, 0x00000006ca700000, 0x00000006ca800000|  0%| F|  |TS  0|AC  0|TAMS 0x00000006ca700000, 0x00000006ca700000|
| 148|0x00000006ca800000, 0x00000006ca800000, 0x00000006ca900000|  0%| F|  |TS  0|AC  0|TAMS 0x00000006ca800000, 0x00000006ca800000|
| 149|0x00000006ca900000, 0x00000006ca900000, 0x00000006caa00000|  0%| F|  |TS  0|AC  0|TAMS 0x00000006ca900000, 0x00000006ca900000|
| 150|0x00000006caa00000, 0x00000006caa00000, 0x00000006cab00000|  0%| F|  |TS  0|AC  0|TAMS 0x00000006caa00000, 0x00000006caa00000|
| 151|0x00000006cab00000, 0x00000006cab00000, 0x00000006cac00000|  0%| F|  |TS  0|AC  0|TAMS 0x00000006cab00000, 0x00000006cab00000|
| 152|0x00000006cac00000, 0x00000006cac00000, 0x00000006cad00000|  0%| F|  |TS  0|AC  0|TAMS 0x00000006cac00000, 0x00000006cac00000|
| 153|0x00000006cad00000, 0x00000006cad00000, 0x00000006cae00000|  0%| F|  |TS  0|AC  0|TAMS 0x00000006cad00000, 0x00000006cad00000|
| 154|0x00000006cae00000, 0x00000006cae00000, 0x00000006caf00000|  0%| F|  |TS  0|AC  0|TAMS 0x00000006cae00000, 0x00000006cae00000|
| 155|0x00000006caf00000, 0x00000006caf00000, 0x00000006cb000000|  0%| F|  |TS  0|AC  0|TAMS 0x00000006caf00000, 0x00000006caf00000|
| 156|0x00000006cb000000, 0x00000006cb000000, 0x00000006cb100000|  0%| F|  |TS  0|AC  0|TAMS 0x00000006cb000000, 0x00000006cb000000|
| 157|0x00000006cb100000, 0x00000006cb100000, 0x00000006cb200000|  0%| F|  |TS  0|AC  0|TAMS 0x00000006cb100000, 0x00000006cb100000|
| 158|0x00000006cb200000, 0x00000006cb200000, 0x00000006cb300000|  0%| F|  |TS  0|AC  0|TAMS 0x00000006cb200000, 0x00000006cb200000|
| 159|0x00000006cb300000, 0x00000006cb300000, 0x00000006cb400000|  0%| F|  |TS  0|AC  0|TAMS 0x00000006cb300000, 0x00000006cb300000|
| 160|0x00000006cb400000, 0x00000006cb400000, 0x00000006cb500000|  0%| F|  |TS  0|AC  0|TAMS 0x00000006cb400000, 0x00000006cb400000|
| 161|0x00000006cb500000, 0x00000006cb500000, 0x00000006cb600000|  0%| F|  |TS  0|AC  0|TAMS 0x00000006cb500000, 0x00000006cb500000|
| 162|0x00000006cb600000, 0x00000006cb600000, 0x00000006cb700000|  0%| F|  |TS  0|AC  0|TAMS 0x00000006cb600000, 0x00000006cb600000|
| 163|0x00000006cb700000, 0x00000006cb700000, 0x00000006cb800000|  0%| F|  |TS  0|AC  0|TAMS 0x00000006cb700000, 0x00000006cb700000|
| 164|0x00000006cb800000, 0x00000006cb800000, 0x00000006cb900000|  0%| F|  |TS  0|AC  0|TAMS 0x00000006cb800000, 0x00000006cb800000|
| 165|0x00000006cb900000, 0x00000006cb900000, 0x00000006cba00000|  0%| F|  |TS  0|AC  0|TAMS 0x00000006cb900000, 0x00000006cb900000|
| 166|0x00000006cba00000, 0x00000006cba00000, 0x00000006cbb00000|  0%| F|  |TS  0|AC  0|TAMS 0x00000006cba00000, 0x00000006cba00000|
| 167|0x00000006cbb00000, 0x00000006cbb00000, 0x00000006cbc00000|  0%| F|  |TS  0|AC  0|TAMS 0x00000006cbb00000, 0x00000006cbb00000|
| 168|0x00000006cbc00000, 0x00000006cbc00000, 0x00000006cbd00000|  0%| F|  |TS  0|AC  0|TAMS 0x00000006cbc00000, 0x00000006cbc00000|
| 169|0x00000006cbd00000, 0x00000006cbd00000, 0x00000006cbe00000|  0%| F|  |TS  0|AC  0|TAMS 0x00000006cbd00000, 0x00000006cbd00000|
| 170|0x00000006cbe00000, 0x00000006cbe00000, 0x00000006cbf00000|  0%| F|  |TS  0|AC  0|TAMS 0x00000006cbe00000, 0x00000006cbe00000|
| 171|0x00000006cbf00000, 0x00000006cbf00000, 0x00000006cc000000|  0%| F|  |TS  0|AC  0|TAMS 0x00000006cbf00000, 0x00000006cbf00000|
| 172|0x00000006cc000000, 0x00000006cc000000, 0x00000006cc100000|  0%| F|  |TS  0|AC  0|TAMS 0x00000006cc000000, 0x00000006cc000000|
| 173|0x00000006cc100000, 0x00000006cc100000, 0x00000006cc200000|  0%| F|  |TS  0|AC  0|TAMS 0x00000006cc100000, 0x00000006cc100000|
| 174|0x00000006cc200000, 0x00000006cc200000, 0x00000006cc300000|  0%| F|  |TS  0|AC  0|TAMS 0x00000006cc200000, 0x00000006cc200000|
| 175|0x00000006cc300000, 0x00000006cc300000, 0x00000006cc400000|  0%| F|  |TS  0|AC  0|TAMS 0x00000006cc300000, 0x00000006cc300000|
| 176|0x00000006cc400000, 0x00000006cc400000, 0x00000006cc500000|  0%| F|  |TS  0|AC  0|TAMS 0x00000006cc400000, 0x00000006cc400000|
| 177|0x00000006cc500000, 0x00000006cc500000, 0x00000006cc600000|  0%| F|  |TS  0|AC  0|TAMS 0x00000006cc500000, 0x00000006cc500000|
| 178|0x00000006cc600000, 0x00000006cc600000, 0x00000006cc700000|  0%| F|  |TS  0|AC  0|TAMS 0x00000006cc600000, 0x00000006cc600000|
| 179|0x00000006cc700000, 0x00000006cc700000, 0x00000006cc800000|  0%| F|  |TS  0|AC  0|TAMS 0x00000006cc700000, 0x00000006cc700000|
| 180|0x00000006cc800000, 0x00000006cc800000, 0x00000006cc900000|  0%| F|  |TS  0|AC  0|TAMS 0x00000006cc800000, 0x00000006cc800000|
| 181|0x00000006cc900000, 0x00000006cc900000, 0x00000006cca00000|  0%| F|  |TS  0|AC  0|TAMS 0x00000006cc900000, 0x00000006cc900000|
| 182|0x00000006cca00000, 0x00000006cca00000, 0x00000006ccb00000|  0%| F|  |TS  0|AC  0|TAMS 0x00000006cca00000, 0x00000006cca00000|
| 183|0x00000006ccb00000, 0x00000006ccb00000, 0x00000006ccc00000|  0%| F|  |TS  0|AC  0|TAMS 0x00000006ccb00000, 0x00000006ccb00000|
| 184|0x00000006ccc00000, 0x00000006ccc00000, 0x00000006ccd00000|  0%| F|  |TS  0|AC  0|TAMS 0x00000006ccc00000, 0x00000006ccc00000|
| 185|0x00000006ccd00000, 0x00000006ccd00000, 0x00000006cce00000|  0%| F|  |TS  0|AC  0|TAMS 0x00000006ccd00000, 0x00000006ccd00000|
| 186|0x00000006cce00000, 0x00000006cce00000, 0x00000006ccf00000|  0%| F|  |TS  0|AC  0|TAMS 0x00000006cce00000, 0x00000006cce00000|
| 187|0x00000006ccf00000, 0x00000006ccf00000, 0x00000006cd000000|  0%| F|  |TS  0|AC  0|TAMS 0x00000006ccf00000, 0x00000006ccf00000|
| 188|0x00000006cd000000, 0x00000006cd000000, 0x00000006cd100000|  0%| F|  |TS  0|AC  0|TAMS 0x00000006cd000000, 0x00000006cd000000|
| 189|0x00000006cd100000, 0x00000006cd100000, 0x00000006cd200000|  0%| F|  |TS  0|AC  0|TAMS 0x00000006cd100000, 0x00000006cd100000|
| 190|0x00000006cd200000, 0x00000006cd200000, 0x00000006cd300000|  0%| F|  |TS  0|AC  0|TAMS 0x00000006cd200000, 0x00000006cd200000|
| 191|0x00000006cd300000, 0x00000006cd300000, 0x00000006cd400000|  0%| F|  |TS  0|AC  0|TAMS 0x00000006cd300000, 0x00000006cd300000|
| 192|0x00000006cd400000, 0x00000006cd400000, 0x00000006cd500000|  0%| F|  |TS  0|AC  0|TAMS 0x00000006cd400000, 0x00000006cd400000|
| 193|0x00000006cd500000, 0x00000006cd500000, 0x00000006cd600000|  0%| F|  |TS  0|AC  0|TAMS 0x00000006cd500000, 0x00000006cd500000|
| 194|0x00000006cd600000, 0x00000006cd600000, 0x00000006cd700000|  0%| F|  |TS  0|AC  0|TAMS 0x00000006cd600000, 0x00000006cd600000|
| 195|0x00000006cd700000, 0x00000006cd700000, 0x00000006cd800000|  0%| F|  |TS  0|AC  0|TAMS 0x00000006cd700000, 0x00000006cd700000|
| 196|0x00000006cd800000, 0x00000006cd800000, 0x00000006cd900000|  0%| F|  |TS  0|AC  0|TAMS 0x00000006cd800000, 0x00000006cd800000|
| 197|0x00000006cd900000, 0x00000006cd900000, 0x00000006cda00000|  0%| F|  |TS  0|AC  0|TAMS 0x00000006cd900000, 0x00000006cd900000|
| 198|0x00000006cda00000, 0x00000006cda00000, 0x00000006cdb00000|  0%| F|  |TS  0|AC  0|TAMS 0x00000006cda00000, 0x00000006cda00000|
| 199|0x00000006cdb00000, 0x00000006cdb00000, 0x00000006cdc00000|  0%| F|  |TS  0|AC  0|TAMS 0x00000006cdb00000, 0x00000006cdb00000|
| 200|0x00000006cdc00000, 0x00000006cdc00000, 0x00000006cdd00000|  0%| F|  |TS  0|AC  0|TAMS 0x00000006cdc00000, 0x00000006cdc00000|
| 201|0x00000006cdd00000, 0x00000006cdd00000, 0x00000006cde00000|  0%| F|  |TS  0|AC  0|TAMS 0x00000006cdd00000, 0x00000006cdd00000|
| 202|0x00000006cde00000, 0x00000006cde00000, 0x00000006cdf00000|  0%| F|  |TS  0|AC  0|TAMS 0x00000006cde00000, 0x00000006cde00000|
| 203|0x00000006cdf00000, 0x00000006cdf00000, 0x00000006ce000000|  0%| F|  |TS  0|AC  0|TAMS 0x00000006cdf00000, 0x00000006cdf00000|
| 204|0x00000006ce000000, 0x00000006ce000000, 0x00000006ce100000|  0%| F|  |TS  0|AC  0|TAMS 0x00000006ce000000, 0x00000006ce000000|
| 205|0x00000006ce100000, 0x00000006ce100000, 0x00000006ce200000|  0%| F|  |TS  0|AC  0|TAMS 0x00000006ce100000, 0x00000006ce100000|
| 206|0x00000006ce200000, 0x00000006ce200000, 0x00000006ce300000|  0%| F|  |TS  0|AC  0|TAMS 0x00000006ce200000, 0x00000006ce200000|
| 207|0x00000006ce300000, 0x00000006ce300000, 0x00000006ce400000|  0%| F|  |TS  0|AC  0|TAMS 0x00000006ce300000, 0x00000006ce300000|
| 208|0x00000006ce400000, 0x00000006ce400000, 0x00000006ce500000|  0%| F|  |TS  0|AC  0|TAMS 0x00000006ce400000, 0x00000006ce400000|
| 209|0x00000006ce500000, 0x00000006ce500000, 0x00000006ce600000|  0%| F|  |TS  0|AC  0|TAMS 0x00000006ce500000, 0x00000006ce500000|
| 210|0x00000006ce600000, 0x00000006ce600000, 0x00000006ce700000|  0%| F|  |TS  0|AC  0|TAMS 0x00000006ce600000, 0x00000006ce600000|
| 211|0x00000006ce700000, 0x00000006ce700000, 0x00000006ce800000|  0%| F|  |TS  0|AC  0|TAMS 0x00000006ce700000, 0x00000006ce700000|
| 212|0x00000006ce800000, 0x00000006ce800000, 0x00000006ce900000|  0%| F|  |TS  0|AC  0|TAMS 0x00000006ce800000, 0x00000006ce800000|
| 213|0x00000006ce900000, 0x00000006ce900000, 0x00000006cea00000|  0%| F|  |TS  0|AC  0|TAMS 0x00000006ce900000, 0x00000006ce900000|
| 214|0x00000006cea00000, 0x00000006cea00000, 0x00000006ceb00000|  0%| F|  |TS  0|AC  0|TAMS 0x00000006cea00000, 0x00000006cea00000|
| 215|0x00000006ceb00000, 0x00000006ceb00000, 0x00000006cec00000|  0%| F|  |TS  0|AC  0|TAMS 0x00000006ceb00000, 0x00000006ceb00000|
| 216|0x00000006cec00000, 0x00000006cec00000, 0x00000006ced00000|  0%| F|  |TS  0|AC  0|TAMS 0x00000006cec00000, 0x00000006cec00000|
| 217|0x00000006ced00000, 0x00000006ced00000, 0x00000006cee00000|  0%| F|  |TS  0|AC  0|TAMS 0x00000006ced00000, 0x00000006ced00000|
| 218|0x00000006cee00000, 0x00000006cee00000, 0x00000006cef00000|  0%| F|  |TS  0|AC  0|TAMS 0x00000006cee00000, 0x00000006cee00000|
| 219|0x00000006cef00000, 0x00000006cef00000, 0x00000006cf000000|  0%| F|  |TS  0|AC  0|TAMS 0x00000006cef00000, 0x00000006cef00000|
| 220|0x00000006cf000000, 0x00000006cf000000, 0x00000006cf100000|  0%| F|  |TS  0|AC  0|TAMS 0x00000006cf000000, 0x00000006cf000000|
| 221|0x00000006cf100000, 0x00000006cf100000, 0x00000006cf200000|  0%| F|  |TS  0|AC  0|TAMS 0x00000006cf100000, 0x00000006cf100000|
| 222|0x00000006cf200000, 0x00000006cf200000, 0x00000006cf300000|  0%| F|  |TS  0|AC  0|TAMS 0x00000006cf200000, 0x00000006cf200000|
| 223|0x00000006cf300000, 0x00000006cf300000, 0x00000006cf400000|  0%| F|  |TS  0|AC  0|TAMS 0x00000006cf300000, 0x00000006cf300000|
| 224|0x00000006cf400000, 0x00000006cf400000, 0x00000006cf500000|  0%| F|  |TS  0|AC  0|TAMS 0x00000006cf400000, 0x00000006cf400000|
| 225|0x00000006cf500000, 0x00000006cf500000, 0x00000006cf600000|  0%| F|  |TS  0|AC  0|TAMS 0x00000006cf500000, 0x00000006cf500000|
| 226|0x00000006cf600000, 0x00000006cf600000, 0x00000006cf700000|  0%| F|  |TS  0|AC  0|TAMS 0x00000006cf600000, 0x00000006cf600000|
| 227|0x00000006cf700000, 0x00000006cf700000, 0x00000006cf800000|  0%| F|  |TS  0|AC  0|TAMS 0x00000006cf700000, 0x00000006cf700000|
| 228|0x00000006cf800000, 0x00000006cf87d538, 0x00000006cf900000| 48%| S|CS|TS  0|AC  0|TAMS 0x00000006cf800000, 0x00000006cf800000|
| 229|0x00000006cf900000, 0x00000006cfa00000, 0x00000006cfa00000|100%| S|CS|TS  0|AC  0|TAMS 0x00000006cf900000, 0x00000006cf900000|
| 230|0x00000006cfa00000, 0x00000006cfb00000, 0x00000006cfb00000|100%| S|CS|TS  0|AC  0|TAMS 0x00000006cfa00000, 0x00000006cfa00000|
| 231|0x00000006cfb00000, 0x00000006cfc00000, 0x00000006cfc00000|100%| S|CS|TS  0|AC  0|TAMS 0x00000006cfb00000, 0x00000006cfb00000|
| 232|0x00000006cfc00000, 0x00000006cfd00000, 0x00000006cfd00000|100%| S|CS|TS  0|AC  0|TAMS 0x00000006cfc00000, 0x00000006cfc00000|
| 233|0x00000006cfd00000, 0x00000006cfd00000, 0x00000006cfe00000|  0%| F|  |TS  0|AC  0|TAMS 0x00000006cfd00000, 0x00000006cfd00000|
| 234|0x00000006cfe00000, 0x00000006cfe00000, 0x00000006cff00000|  0%| F|  |TS  0|AC  0|TAMS 0x00000006cfe00000, 0x00000006cfe00000|
| 235|0x00000006cff00000, 0x00000006cff00000, 0x00000006d0000000|  0%| F|  |TS  0|AC  0|TAMS 0x00000006cff00000, 0x00000006cff00000|
| 236|0x00000006d0000000, 0x00000006d0100000, 0x00000006d0100000|100%| S|CS|TS  0|AC  0|TAMS 0x00000006d0000000, 0x00000006d0000000|
| 237|0x00000006d0100000, 0x00000006d0100000, 0x00000006d0200000|  0%| F|  |TS  0|AC  0|TAMS 0x00000006d0100000, 0x00000006d0100000|
| 238|0x00000006d0200000, 0x00000006d0200000, 0x00000006d0300000|  0%| F|  |TS  0|AC  0|TAMS 0x00000006d0200000, 0x00000006d0200000|
| 239|0x00000006d0300000, 0x00000006d0300000, 0x00000006d0400000|  0%| F|  |TS  0|AC  0|TAMS 0x00000006d0300000, 0x00000006d0300000|
| 240|0x00000006d0400000, 0x00000006d0400000, 0x00000006d0500000|  0%| F|  |TS  0|AC  0|TAMS 0x00000006d0400000, 0x00000006d0400000|
| 241|0x00000006d0500000, 0x00000006d0500000, 0x00000006d0600000|  0%| F|  |TS  0|AC  0|TAMS 0x00000006d0500000, 0x00000006d0500000|
| 242|0x00000006d0600000, 0x00000006d0600000, 0x00000006d0700000|  0%| F|  |TS  0|AC  0|TAMS 0x00000006d0600000, 0x00000006d0600000|
| 243|0x00000006d0700000, 0x00000006d0700000, 0x00000006d0800000|  0%| F|  |TS  0|AC  0|TAMS 0x00000006d0700000, 0x00000006d0700000|
| 244|0x00000006d0800000, 0x00000006d0800000, 0x00000006d0900000|  0%| F|  |TS  0|AC  0|TAMS 0x00000006d0800000, 0x00000006d0800000|
| 245|0x00000006d0900000, 0x00000006d0900000, 0x00000006d0a00000|  0%| F|  |TS  0|AC  0|TAMS 0x00000006d0900000, 0x00000006d0900000|
| 246|0x00000006d0a00000, 0x00000006d0a00000, 0x00000006d0b00000|  0%| F|  |TS  0|AC  0|TAMS 0x00000006d0a00000, 0x00000006d0a00000|
| 247|0x00000006d0b00000, 0x00000006d0b00000, 0x00000006d0c00000|  0%| F|  |TS  0|AC  0|TAMS 0x00000006d0b00000, 0x00000006d0b00000|
| 248|0x00000006d0c00000, 0x00000006d0c00000, 0x00000006d0d00000|  0%| F|  |TS  0|AC  0|TAMS 0x00000006d0c00000, 0x00000006d0c00000|
| 249|0x00000006d0d00000, 0x00000006d0d00800, 0x00000006d0e00000|  0%| E|  |TS  0|AC  0|TAMS 0x00000006d0d00000, 0x00000006d0d00000|
| 250|0x00000006d0e00000, 0x00000006d0f00000, 0x00000006d0f00000|100%| E|CS|TS  0|AC  0|TAMS 0x00000006d0e00000, 0x00000006d0e00000|
| 251|0x00000006d0f00000, 0x00000006d1000000, 0x00000006d1000000|100%| E|CS|TS  0|AC  0|TAMS 0x00000006d0f00000, 0x00000006d0f00000|
| 252|0x00000006d1000000, 0x00000006d1100000, 0x00000006d1100000|100%| E|CS|TS  0|AC  0|TAMS 0x00000006d1000000, 0x00000006d1000000|
| 253|0x00000006d1100000, 0x00000006d1200000, 0x00000006d1200000|100%| E|CS|TS  0|AC  0|TAMS 0x00000006d1100000, 0x00000006d1100000|
| 254|0x00000006d1200000, 0x00000006d1300000, 0x00000006d1300000|100%| E|CS|TS  0|AC  0|TAMS 0x00000006d1200000, 0x00000006d1200000|
| 255|0x00000006d1300000, 0x00000006d1400000, 0x00000006d1400000|100%| E|CS|TS  0|AC  0|TAMS 0x00000006d1300000, 0x00000006d1300000|

Card table byte_map: [0x00000000055a0000,0x0000000005da0000] byte_map_base: 0x0000000001f96000

Marking Bits (Prev, Next): (CMBitMap*) 0x00000000026ff5e8, (CMBitMap*) 0x00000000026ff5b0
 Prev Bits: [0x00000000224b0000, 0x0000000026460000)
 Next Bits: [0x000000001e500000, 0x00000000224b0000)

Polling page: 0x0000000000210000

CodeHeap 'non-profiled nmethods': size=120000Kb used=891Kb max_used=891Kb free=119108Kb
 bounds [0x0000000016fd0000, 0x0000000017240000, 0x000000001e500000]
CodeHeap 'profiled nmethods': size=120000Kb used=4482Kb max_used=4482Kb free=115517Kb
 bounds [0x000000000faa0000, 0x000000000ff10000, 0x0000000016fd0000]
CodeHeap 'non-nmethods': size=5760Kb used=1270Kb max_used=1297Kb free=4489Kb
 bounds [0x000000000f500000, 0x000000000f770000, 0x000000000faa0000]
 total_blobs=2997 nmethods=2087 adapters=380
 compilation: enabled

Compilation events (10 events):
Event: 13.785 Thread 0x00000000284ed800 2083       3       com.google.gson.internal.LinkedTreeMap$EntrySet$1::<init> (14 bytes)
Event: 13.785 Thread 0x00000000284ed800 nmethod 2083 0x000000000feff290 code [0x000000000feff440, 0x000000000feff648]
Event: 13.785 Thread 0x00000000284ed800 2085       3       com.google.common.collect.ImmutableMap::entryOf (15 bytes)
Event: 13.785 Thread 0x00000000284ed800 nmethod 2085 0x000000000feff710 code [0x000000000feff8e0, 0x000000000feffc48]
Event: 13.785 Thread 0x00000000284ed800 2084       3       java.lang.StringBuilder::append (6 bytes)
Event: 13.785 Thread 0x00000000284ed800 nmethod 2084 0x000000000feffd90 code [0x000000000fefff40, 0x000000000ff001c8]
Event: 14.785 Thread 0x00000000284ed800 2086       3       com.google.common.collect.Hashing::closedTableSize (37 bytes)
Event: 14.785 Thread 0x00000000284ed800 nmethod 2086 0x000000000ff00290 code [0x000000000ff00460, 0x000000000ff00768]
Event: 14.785 Thread 0x00000000284ed800 2087       1       com.google.gson.stream.JsonReader::setLenient (6 bytes)
Event: 14.785 Thread 0x00000000284ed800 nmethod 2087 0x00000000170aeb10 code [0x00000000170aecc0, 0x00000000170aedd0]

GC Heap History (6 events):
Event: 0.718 GC heap before
{Heap before GC invocations=0 (full 0):
 garbage-first heap   total 262144K, used 27648K [0x00000006c1400000, 0x00000006c1500800, 0x00000007c0000000)
  region size 1024K, 24 young (24576K), 0 survivors (0K)
 Metaspace       used 12128K, capacity 12502K, committed 12672K, reserved 1060864K
  class space    used 1325K, capacity 1394K, committed 1408K, reserved 1048576K
}
Event: 0.723 GC heap after
{Heap after GC invocations=1 (full 0):
 garbage-first heap   total 262144K, used 10322K [0x00000006c1400000, 0x00000006c1500800, 0x00000007c0000000)
  region size 1024K, 3 young (3072K), 3 survivors (3072K)
 Metaspace       used 12128K, capacity 12502K, committed 12672K, reserved 1060864K
  class space    used 1325K, capacity 1394K, committed 1408K, reserved 1048576K
}
Event: 0.998 GC heap before
{Heap before GC invocations=1 (full 0):
 garbage-first heap   total 262144K, used 30802K [0x00000006c1400000, 0x00000006c1500800, 0x00000007c0000000)
  region size 1024K, 23 young (23552K), 3 survivors (3072K)
 Metaspace       used 16335K, capacity 16806K, committed 16896K, reserved 1064960K
  class space    used 1900K, capacity 2027K, committed 2048K, reserved 1048576K
}
Event: 1.004 GC heap after
{Heap after GC invocations=2 (full 0):
 garbage-first heap   total 262144K, used 14583K [0x00000006c1400000, 0x00000006c1500800, 0x00000007c0000000)
  region size 1024K, 3 young (3072K), 3 survivors (3072K)
 Metaspace       used 16335K, capacity 16806K, committed 16896K, reserved 1064960K
  class space    used 1900K, capacity 2027K, committed 2048K, reserved 1048576K
}
Event: 8.868 GC heap before
{Heap before GC invocations=2 (full 0):
 garbage-first heap   total 262144K, used 33015K [0x00000006c1400000, 0x00000006c1500800, 0x00000007c0000000)
  region size 1024K, 22 young (22528K), 3 survivors (3072K)
 Metaspace       used 20359K, capacity 21194K, committed 21296K, reserved 1069056K
  class space    used 2451K, capacity 2655K, committed 2688K, reserved 1048576K
}
Event: 8.874 GC heap after
{Heap after GC invocations=3 (full 0):
 garbage-first heap   total 262144K, used 17132K [0x00000006c1400000, 0x00000006c1500800, 0x00000007c0000000)
  region size 1024K, 6 young (6144K), 6 survivors (6144K)
 Metaspace       used 20359K, capacity 21194K, committed 21296K, reserved 1069056K
  class space    used 2451K, capacity 2655K, committed 2688K, reserved 1048576K
}

Deoptimization events (10 events):
Event: 0.913 Thread 0x000000000037f800 Uncommon trap: reason=unstable_if action=reinterpret pc=0x000000001705a514 method=java.lang.String.indexOf(Ljava/lang/String;)I @ 8 c2
Event: 0.917 Thread 0x000000000037f800 Uncommon trap: reason=unstable_if action=reinterpret pc=0x0000000017045e14 method=java.util.concurrent.ConcurrentHashMap.putVal(Ljava/lang/Object;Ljava/lang/Object;Z)Ljava/lang/Object; @ 245 c2
Event: 0.917 Thread 0x000000000037f800 Uncommon trap: reason=unstable_if action=reinterpret pc=0x0000000016fd7b84 method=java.lang.String.hashCode()I @ 22 c2
Event: 0.991 Thread 0x000000000037f800 Uncommon trap: reason=unstable_if action=reinterpret pc=0x0000000017055c14 method=java.io.ByteArrayInputStream.read([BII)I @ 63 c2
Event: 0.997 Thread 0x000000000037f800 Uncommon trap: reason=unstable_if action=reinterpret pc=0x000000001703b5c0 method=java.lang.String.replace(CC)Ljava/lang/String; @ 2 c2
Event: 0.998 Thread 0x000000000037f800 Uncommon trap: reason=unstable_if action=reinterpret pc=0x000000001703e7b4 method=java.lang.CharacterDataLatin1.digit(II)I @ 82 c2
Event: 1.687 Thread 0x000000002abfe800 Uncommon trap: reason=unstable_if action=reinterpret pc=0x0000000017067404 method=java.util.concurrent.ConcurrentHashMap.putVal(Ljava/lang/Object;Ljava/lang/Object;Z)Ljava/lang/Object; @ 231 c2
Event: 1.700 Thread 0x000000000037f800 Uncommon trap: reason=unstable_if action=reinterpret pc=0x000000001707233c method=java.util.regex.Pattern$BmpCharProperty.match(Ljava/util/regex/Matcher;ILjava/lang/CharSequence;)Z @ 5 c2
Event: 1.770 Thread 0x000000000037f800 Uncommon trap: reason=unstable_if action=reinterpret pc=0x000000001703dc88 method=java.lang.CharacterDataLatin1.digit(II)I @ 82 c2
Event: 1.772 Thread 0x000000000037f800 Uncommon trap: reason=unstable_if action=reinterpret pc=0x000000001704e3f4 method=java.io.ByteArrayInputStream.read()I @ 8 c2

Classes redefined (7 events):
Event: 133.688 Thread 0x0000000028483000 redefined class name=testCases.TC_Jobs_List_Edit_Back, count=1
Event: 143.301 Thread 0x0000000028483000 redefined class name=testCases.TC_Jobs_List_Edit_Back, count=2
Event: 199.656 Thread 0x0000000028483000 redefined class name=testCases.TC_Jobs_List_Edit_Back, count=3
Event: 280.333 Thread 0x0000000028483000 redefined class name=testCases.TC_Jobs_List_Edit_Back, count=4
Event: 529.037 Thread 0x0000000028483000 redefined class name=pageObjects.JobsListPage, count=1
Event: 529.043 Thread 0x0000000028483000 redefined class name=testCases.TC_Jobs_List_Edit_Back, count=5
Event: 588.181 Thread 0x0000000028483000 redefined class name=testCases.TC_Jobs_List_Edit_Back, count=6

Internal exceptions (10 events):
Event: 1.558 Thread 0x000000000037f800 Exception <a 'java/lang/NoSuchMethodError'{0x00000006d0f55df0}: java.lang.Object.lambda$or$2(Ljava/util/function/Predicate;Ljava/lang/Object;)Z> (0x00000006d0f55df0) thrown at [t:/workspace/hotspot/src/share/vm/interpreter/linkResolver.cpp, line 731]
Event: 1.560 Thread 0x000000000037f800 Exception <a 'java/lang/NoSuchMethodError'{0x00000006d0f7b300}: java.lang.invoke.DirectMethodHandle$Holder.invokeVirtual(Ljava/lang/Object;Ljava/lang/Object;Ljava/lang/Object;)Ljava/lang/Object;> (0x00000006d0f7b300) thrown at [t:/workspace/hotspot/src/sh
Event: 1.568 Thread 0x000000000037f800 Exception <a 'java/lang/NoSuchMethodError'{0x00000006d0e2aaf0}: java.lang.invoke.DirectMethodHandle$Holder.invokeStatic(Ljava/lang/Object;Ljava/lang/Object;Ljava/lang/Object;)V> (0x00000006d0e2aaf0) thrown at [t:/workspace/hotspot/src/share/vm/interpreter
Event: 1.581 Thread 0x000000000037f800 Exception <a 'java/lang/NoSuchMethodError'{0x00000006d0ef54f8}: method resolution failed> (0x00000006d0ef54f8) thrown at [t:/workspace/hotspot/src/share/vm/prims/methodHandles.cpp, line 1256]
Event: 1.586 Thread 0x000000000037f800 Exception <a 'java/lang/NoSuchMethodError'{0x00000006d0d157b0}: java.lang.invoke.DirectMethodHandle$Holder.invokeInterface(Ljava/lang/Object;Ljava/lang/Object;Ljava/lang/Object;)V> (0x00000006d0d157b0) thrown at [t:/workspace/hotspot/src/share/vm/interpre
Event: 1.587 Thread 0x000000002abfe800 Exception <a 'java/lang/NoSuchMethodError'{0x00000006d0d8a2c8}: java.lang.invoke.DirectMethodHandle$Holder.invokeInterface(Ljava/lang/Object;Ljava/lang/Object;Ljava/lang/Object;)V> (0x00000006d0d8a2c8) thrown at [t:/workspace/hotspot/src/share/vm/interpre
Event: 1.690 Thread 0x000000000037f800 Exception <a 'java/lang/NoSuchMethodError'{0x00000006d0d26ea8}: method resolution failed> (0x00000006d0d26ea8) thrown at [t:/workspace/hotspot/src/share/vm/prims/methodHandles.cpp, line 1256]
Event: 3.847 Thread 0x000000000037f800 Exception <a 'java/lang/NoSuchMethodError'{0x00000006d06c09f0}: java.lang.invoke.DirectMethodHandle$Holder.invokeStatic(Ljava/lang/Object;Ljava/lang/Object;Ljava/lang/Object;Ljava/lang/Object;)V> (0x00000006d06c09f0) thrown at [t:/workspace/hotspot/src/sh
Event: 3.882 Thread 0x000000000037f800 Exception <a 'java/lang/ClassNotFoundException'{0x00000006d044d638}: sun/util/logging/resources/spi/loggingProvider> (0x00000006d044d638) thrown at [t:/workspace/hotspot/src/share/vm/classfile/systemDictionary.cpp, line 218]
Event: 5.613 Thread 0x000000000037f800 Exception <a 'java/lang/NoSuchMethodError'{0x00000006d03edf80}: java.lang.Object.of(Ljava/lang/Object;)Ljava/util/stream/Stream;> (0x00000006d03edf80) thrown at [t:/workspace/hotspot/src/share/vm/interpreter/linkResolver.cpp, line 731]

Events (10 events):
Event: 588.191 Executing VM operation: GetFrameLocation done
Event: 588.402 Executing VM operation: GetFrameCount
Event: 588.402 Executing VM operation: GetFrameCount done
Event: 588.402 Executing VM operation: GetOwnedMonitorInfo
Event: 588.402 Executing VM operation: GetOwnedMonitorInfo done
Event: 588.402 Executing VM operation: GetCurrentContendedMonitor
Event: 588.402 Executing VM operation: GetCurrentContendedMonitor done
Event: 599.978 Executing VM operation: GetFrameLocation
Event: 599.979 Executing VM operation: GetFrameLocation done
Event: 599.979 Executing VM operation: GetOrSetLocal


Dynamic libraries:
0x000000013faa0000 - 0x000000013fade000 	C:\Program Files\Java\jre-9.0.1\bin\javaw.exe
0x0000000077380000 - 0x000000007752a000 	C:\WINDOWS\SYSTEM32\ntdll.dll
0x0000000077160000 - 0x000000007727f000 	C:\WINDOWS\system32\kernel32.dll
0x000007fefd0a0000 - 0x000007fefd10a000 	C:\WINDOWS\system32\KERNELBASE.dll
0x000007fefda10000 - 0x000007fefdaeb000 	C:\WINDOWS\system32\ADVAPI32.dll
0x000007feff5f0000 - 0x000007feff68f000 	C:\WINDOWS\system32\msvcrt.dll
0x000007feff420000 - 0x000007feff43f000 	C:\WINDOWS\SYSTEM32\sechost.dll
0x000007feff4c0000 - 0x000007feff5ed000 	C:\WINDOWS\system32\RPCRT4.dll
0x0000000077280000 - 0x000000007737a000 	C:\WINDOWS\system32\USER32.dll
0x000007fefd8a0000 - 0x000007fefd907000 	C:\WINDOWS\system32\GDI32.dll
0x000007feff300000 - 0x000007feff30e000 	C:\WINDOWS\system32\LPK.dll
0x000007fefd460000 - 0x000007fefd52b000 	C:\WINDOWS\system32\USP10.dll
0x000007fefba20000 - 0x000007fefbc14000 	C:\WINDOWS\WinSxS\amd64_microsoft.windows.common-controls_6595b64144ccf1df_6.0.7601.18837_none_fa3b1e3d17594757\COMCTL32.dll
0x000007feff440000 - 0x000007feff4b1000 	C:\WINDOWS\system32\SHLWAPI.dll
0x000007fefcf90000 - 0x000007fefcf9c000 	C:\WINDOWS\system32\VERSION.dll
0x000007fefd430000 - 0x000007fefd45e000 	C:\WINDOWS\system32\IMM32.DLL
0x000007feff310000 - 0x000007feff419000 	C:\WINDOWS\system32\MSCTF.dll
0x000007fefcfa0000 - 0x000007fefcfd2000 	C:\WINDOWS\system32\nvinitx.dll
0x000007fefe300000 - 0x000007feff08b000 	C:\WINDOWS\system32\Shell32.dll
0x000007fefddc0000 - 0x000007fefdfbc000 	C:\WINDOWS\system32\ole32.dll
0x0000000073550000 - 0x0000000073556000 	C:\Program Files\NVIDIA Corporation\CoProcManager\detoured.dll
0x000007fef85c0000 - 0x000007fef85f8000 	C:\Program Files\NVIDIA Corporation\CoProcManager\nvd3d9wrapx.dll
0x000007fefd6c0000 - 0x000007fefd897000 	C:\WINDOWS\system32\SETUPAPI.dll
0x000007fefd3f0000 - 0x000007fefd426000 	C:\WINDOWS\system32\CFGMGR32.dll
0x000007feff0b0000 - 0x000007feff18a000 	C:\WINDOWS\system32\OLEAUT32.dll
0x000007fefd2d0000 - 0x000007fefd2ea000 	C:\WINDOWS\system32\DEVOBJ.dll
0x000007fef8590000 - 0x000007fef85b4000 	C:\Program Files\NVIDIA Corporation\CoProcManager\nvdxgiwrapx.dll
0x000007fed5d50000 - 0x000007fed5e3f000 	C:\Program Files\Java\jre-9.0.1\bin\msvcr120.dll
0x000007fedb350000 - 0x000007fedb3f6000 	C:\Program Files\Java\jre-9.0.1\bin\msvcp120.dll
0x0000000007f90000 - 0x00000000089b4000 	C:\Program Files\Java\jre-9.0.1\bin\server\jvm.dll
0x000007fefa3d0000 - 0x000007fefa3d9000 	C:\WINDOWS\system32\WSOCK32.dll
0x000007feff2b0000 - 0x000007feff2fd000 	C:\WINDOWS\system32\WS2_32.dll
0x000007fefdfc0000 - 0x000007fefdfc8000 	C:\WINDOWS\system32\NSI.dll
0x000007fefaf70000 - 0x000007fefafab000 	C:\WINDOWS\system32\WINMM.dll
0x0000000077550000 - 0x0000000077557000 	C:\WINDOWS\system32\PSAPI.DLL
0x000007fefbe30000 - 0x000007fefbe3f000 	C:\Program Files\Java\jre-9.0.1\bin\verify.dll
0x000007fefa860000 - 0x000007fefa887000 	C:\Program Files\Java\jre-9.0.1\bin\java.dll
0x000007fed8380000 - 0x000007fed83b6000 	C:\Program Files\Java\jre-9.0.1\bin\jdwp.dll
0x000007fefbe10000 - 0x000007fefbe26000 	C:\Program Files\Java\jre-9.0.1\bin\zip.dll
0x000007fefbed0000 - 0x000007fefbeda000 	C:\Program Files\Java\jre-9.0.1\bin\jimage.dll
0x000007fefd070000 - 0x000007fefd07f000 	C:\WINDOWS\system32\profapi.dll
0x000007fee9590000 - 0x000007fee95aa000 	C:\Program Files\Java\jre-9.0.1\bin\net.dll
0x000007fef06a0000 - 0x000007fef0711000 	C:\WINDOWS\system32\WINHTTP.dll
0x000007fef0630000 - 0x000007fef0695000 	C:\WINDOWS\system32\webio.dll
0x000007fefc7b0000 - 0x000007fefc805000 	C:\WINDOWS\system32\mswsock.dll
0x000007fefc7a0000 - 0x000007fefc7a7000 	C:\WINDOWS\System32\wship6.dll
0x000007fefa8a0000 - 0x000007fefa8b1000 	C:\Program Files\Java\jre-9.0.1\bin\nio.dll
0x000007fedc9e0000 - 0x000007fedc9ea000 	C:\Program Files\Java\jre-9.0.1\bin\dt_socket.dll
0x000007fefc630000 - 0x000007fefc68b000 	C:\WINDOWS\system32\DNSAPI.dll
0x000000006ce80000 - 0x000000006cea6000 	C:\Program Files\Bonjour\mdnsNSP.dll
0x000007fefa3a0000 - 0x000007fefa3c7000 	C:\WINDOWS\system32\Iphlpapi.DLL
0x000007fefa390000 - 0x000007fefa39b000 	C:\WINDOWS\system32\WINNSI.DLL
0x000007fef96b0000 - 0x000007fef9703000 	C:\WINDOWS\System32\fwpuclnt.dll
0x000007fee09f0000 - 0x000007fee09f8000 	C:\WINDOWS\system32\rasadhlp.dll
0x000007fefc1a0000 - 0x000007fefc1a7000 	C:\WINDOWS\System32\wshtcpip.dll
0x000007fefc810000 - 0x000007fefc828000 	C:\WINDOWS\system32\CRYPTSP.dll
0x000007fefc510000 - 0x000007fefc557000 	C:\WINDOWS\system32\rsaenh.dll
0x000007fefd2f0000 - 0x000007fefd30e000 	C:\WINDOWS\system32\USERENV.dll
0x000007fefce80000 - 0x000007fefce8f000 	C:\WINDOWS\system32\CRYPTBASE.dll
0x000007fef9630000 - 0x000007fef9648000 	C:\WINDOWS\system32\dhcpcsvc.DLL
0x000007fef9610000 - 0x000007fef9621000 	C:\WINDOWS\system32\dhcpcsvc6.DLL
0x000007fedb790000 - 0x000007fedb7b3000 	C:\Program Files\Java\jre-9.0.1\bin\sunec.dll
0x000007fefce20000 - 0x000007fefce77000 	C:\WINDOWS\system32\apphelp.dll
0x000007fefa3e0000 - 0x000007fefa505000 	C:\WINDOWS\system32\dbghelp.dll

VM Arguments:
jvm_args: -agentlib:jdwp=transport=dt_socket,suspend=y,address=localhost:56047 -ea -Dfile.encoding=Cp1252 
java_command: org.testng.remote.RemoteTestNG -serport 56046 -protocol json -d C:\Users\nx35wg\eclipse-workspace\CHS_Project_POM\test-output C:\Users\nx35wg\AppData\Local\Temp\testng-eclipse-99078211\testng-customsuite.xml
java_class_path (initial): C:\Users\nx35wg\eclipse\java-oxygen2\eclipse\configuration\org.eclipse.osgi\591\0\.cp\lib\testng-remote.jar;C:\Users\nx35wg\eclipse-workspace\CHS_Project_POM\bin;C:\drivers\hamcrest-1.3\hamcrest-1.3\hamcrest-all-1.3.jar;C:\drivers\hamcrest-1.3\hamcrest-1.3\hamcrest-all-1.3-javadoc.jar;C:\drivers\hamcrest-1.3\hamcrest-1.3\hamcrest-all-1.3-sources.jar;C:\drivers\hamcrest-1.3\hamcrest-1.3\hamcrest-core-1.3.jar;C:\drivers\hamcrest-1.3\hamcrest-1.3\hamcrest-core-1.3-javadoc.jar;C:\drivers\hamcrest-1.3\hamcrest-1.3\hamcrest-core-1.3-sources.jar;C:\drivers\hamcrest-1.3\hamcrest-1.3\hamcrest-generator-1.3.jar;C:\drivers\hamcrest-1.3\hamcrest-1.3\hamcrest-generator-1.3-javadoc.jar;C:\drivers\hamcrest-1.3\hamcrest-1.3\hamcrest-generator-1.3-sources.jar;C:\drivers\hamcrest-1.3\hamcrest-1.3\hamcrest-integration-1.3.jar;C:\drivers\hamcrest-1.3\hamcrest-1.3\hamcrest-integration-1.3-javadoc.jar;C:\drivers\hamcrest-1.3\hamcrest-1.3\hamcrest-integration-1.3-sources.jar;C:\drivers\hamcrest-1.3\hamcrest-1.3\hamcrest-library-1.3.jar;C:\drivers\hamcrest-1.3\hamcrest-1.3\hamcrest-library-1.3-javadoc.jar;C:\drivers\hamcrest-1.3\hamcrest-1.3\hamcrest-library-1.3-sources.jar;C:\drivers\selenium-java-3.7.1\client-combined-3.7.1.jar;C:\drivers\selenium-java-3.7.1\client-combined-3.7.1-sources.jar;C:\drivers\selenium-java-3.7.1\libs\byte-buddy-1.7.5.jar;C:\drivers\selenium-java-3.7.1\libs\commons-codec-1.10.jar;C:\drivers\selenium-java-3.7.1\libs\commons-exec-1.3.jar;C:\drivers\selenium-java-3.7.1\libs\commons-logging-1.2.jar;C:\drivers\selenium-java-3.7.1\libs\gson-2.8.2.jar;C:\drivers\selenium-java-3.7.1\libs\guava-23.0.jar;C:\drivers\selenium-java-3.7.1\libs\httpclient-4.5.3.jar;C:\drivers\selenium-java-3.7.1\libs\httpcore-4.4.6.jar;C:\drivers\selenium-java-3.7.1\selenium-server-standalone-3.7.1.jar;C:\Users\nx35wg\.p2\pool\plugins\org.testng_6.13.1.r201712040515.jar;C:\Users\nx35wg\.p2\pool\plugins\com.beust.jcommander_1.72.0.jar;C:\Users\nx35wg\.p2\pool\plugin
Launcher Type: SUN_STANDARD

Logging:
Log output configuration:
#0: stdout all=warning uptime,level,tags
#1: stderr all=off uptime,level,tags

Environment Variables:
PATH=C:\ProgramData\Oracle\Java\javapath;C:\Program Files\Microsoft MPI\Bin\;C:\Program Files (x86)\Common Files\Intel\Shared Libraries\redist\ia32\mpirt;C:\Program Files (x86)\Common Files\Intel\Shared Libraries\redist\ia32\compiler;C:\WINDOWS\system32;C:\WINDOWS;C:\WINDOWS\System32\Wbem;C:\WINDOWS\System32\WindowsPowerShell\v1.0\;C:\Program Files (x86)\NVIDIA Corporation\PhysX\Common;C:\Program Files\Microsoft SQL Server\Client SDK\ODBC\110\Tools\Binn\;C:\Program Files (x86)\Microsoft SQL Server\120\Tools\Binn\;C:\Program Files\Microsoft SQL Server\120\Tools\Binn\;C:\Program Files\Microsoft SQL Server\120\DTS\Binn\;C:\Program Files (x86)\Microsoft SQL Server\120\Tools\Binn\ManagementStudio\;C:\Program Files (x86)\Microsoft SQL Server\120\DTS\Binn\;C:\Program Files\Microsoft SQL Server\130\Tools\Binn\;C:\Program Files\dotnet\;C:\Program Files\Git\cmd;C:\Users\nx35wg\Documents\NTFS\WINDOWS\system32;C:\Users\nx35wg\Documents\NTFS\WINDOWS\system32\dllcache;C:\Program Files (x86)\Skype\Phone\;C:\Windows\Microsoft.NET\Framework64\v4.0.30319;C:\Program Files\Microsoft\Web Platform Installer\;C:\Program Files\Java\jdk-9.0.1;C:\Users\nx35wg\AppData\Local\GitHubDesktop\bin;C:\Program Files\Java\jdk-9.0.1;C:\Program Files\Microsoft VS Code\bin
USERNAME=NX35WG
OS=Windows_NT
PROCESSOR_IDENTIFIER=Intel64 Family 6 Model 60 Stepping 3, GenuineIntel



---------------  S Y S T E M  ---------------

OS: Windows 7 , 64 bit Build 7601 (6.1.7601.23864)

CPU:total 8 (initial active 8) (4 cores per cpu, 2 threads per core) family 6 model 60 stepping 3, cmov, cx8, fxsr, mmx, sse, sse2, sse3, ssse3, sse4.1, sse4.2, popcnt, avx, avx2, aes, clmul, erms, lzcnt, ht, tsc, tscinvbit, bmi1, bmi2, fma

Memory: 4k page, physical 16691568k(5155692k free), swap 33381276k(16421404k free)

vm_info: Java HotSpot(TM) 64-Bit Server VM (9.0.1+11) for windows-amd64 JRE (9.0.1+11), built on Sep 28 2017 04:54:03 by "mach5one" with MS VC++ 12.0 (VS2013)

END.
